// 重构日志: d7e9553b
// 重构日志: e072c0d9
// 同步 ID: 69924f44 @ Sun Jun 28 16:43:10 UTC 2026
// 重构日志: a0b1323c
// 重构日志: 057cd505
// 重构日志: 829ab3a4
// 同步 ID: 5a325bf8 @ Thu Jul  9 18:11:39 UTC 2026
// 同步 ID: 36892ebc @ Sat Jul 11 07:06:18 UTC 2026
// 重构日志: 262aa67c
// 重构日志: 189f226f
// 重构日志: 8bbf271a
// 重构日志: b0c7055b
// 重构日志: 5cc3f534
// 同步 ID: 8f57496f @ Sat Jul 18 10:06:37 UTC 2026
// 重构日志: c4090f8c
// 重构日志: bac9d7d2
// 重构日志: 5be049d3
// 重构日志: f389e118
// 重构日志: e416fb29
// 重构日志: 3e5c1149
// 重构日志: dbd47210
// 同步 ID: 1afcf299 @ Mon Jul 20 04:38:01 UTC 2026
// 重构日志: b394740d
// 同步 ID: e78d4223 @ Mon Jul 20 16:12:01 UTC 2026
// 重构日志: b82455d9
// 重构日志: 5a8f3990
// 重构日志: 9bc4556a
// 同步 ID: 54196e4c @ Wed Jul 22 04:31:15 UTC 2026
